2018-03-16 14:17:23,380 - INFO - allennlp.common.params - dataset_reader.type = squad
2018-03-16 14:17:23,380 - INFO - allennlp.common.params - dataset_reader.tokenizer.type = word
2018-03-16 14:17:23,380 - INFO - allennlp.common.params - dataset_reader.tokenizer.word_splitter.type = spacy
2018-03-16 14:17:23,381 - INFO - allennlp.common.params - dataset_reader.tokenizer.word_splitter.language = en_core_web_sm
2018-03-16 14:17:23,381 - INFO - allennlp.common.params - dataset_reader.tokenizer.word_splitter.pos_tags = True
2018-03-16 14:17:23,381 - INFO - allennlp.common.params - dataset_reader.tokenizer.word_splitter.parse = True
2018-03-16 14:17:23,381 - INFO - allennlp.common.params - dataset_reader.tokenizer.word_splitter.ner = True
2018-03-16 14:17:25,080 - INFO - allennlp.common.params - dataset_reader.tokenizer.word_filter.type = pass_through
2018-03-16 14:17:25,081 - INFO - allennlp.common.params - dataset_reader.tokenizer.word_stemmer.type = pass_through
2018-03-16 14:17:25,081 - INFO - allennlp.common.params - dataset_reader.tokenizer.start_tokens = None
2018-03-16 14:17:25,081 - INFO - allennlp.common.params - dataset_reader.tokenizer.end_tokens = None
2018-03-16 14:17:25,082 - INFO - allennlp.common.params - dataset_reader.token_indexers.tokens.type = single_id
2018-03-16 14:17:25,082 - INFO - allennlp.common.params - dataset_reader.token_indexers.tokens.namespace = tokens
2018-03-16 14:17:25,082 - INFO - allennlp.common.params - dataset_reader.token_indexers.tokens.lowercase_tokens = True
2018-03-16 14:17:25,083 - INFO - allennlp.common.params - dataset_reader.token_indexers.token_characters.type = characters
2018-03-16 14:17:25,083 - INFO - allennlp.common.params - dataset_reader.token_indexers.token_characters.namespace = token_characters
2018-03-16 14:17:25,083 - INFO - allennlp.common.params - dataset_reader.token_indexers.token_characters.character_tokenizer.byte_encoding = utf-8
2018-03-16 14:17:25,083 - INFO - allennlp.common.params - dataset_reader.token_indexers.token_characters.character_tokenizer.lowercase_characters = False
2018-03-16 14:17:25,084 - INFO - allennlp.common.params - dataset_reader.token_indexers.token_characters.character_tokenizer.start_tokens = [259]
2018-03-16 14:17:25,084 - INFO - allennlp.common.params - dataset_reader.token_indexers.token_characters.character_tokenizer.end_tokens = [260]
2018-03-16 14:17:25,084 - INFO - allennlp.common.params - dataset_reader.token_indexers.pos_tags.type = pos_tag
2018-03-16 14:17:25,085 - INFO - allennlp.common.params - dataset_reader.token_indexers.pos_tags.namespace = pos_tags
2018-03-16 14:17:25,085 - INFO - allennlp.common.params - dataset_reader.token_indexers.pos_tags.coarse_tags = False
2018-03-16 14:17:25,085 - INFO - allennlp.common.params - dataset_reader.token_indexers.ner_tags.type = ner_tag
2018-03-16 14:17:25,086 - INFO - allennlp.common.params - dataset_reader.token_indexers.ner_tags.namespace = ner_tags
2018-03-16 14:17:25,086 - INFO - allennlp.common.params - dataset_reader.lazy = False
2018-03-16 14:17:25,086 - INFO - allennlp.common.params - validation_dataset_reader = None
2018-03-16 14:17:25,086 - INFO - allennlp.common.params - train_data_path = /Users/lucas/addventa/data/squad-train-v1.1.json
2018-03-16 14:17:25,087 - INFO - allennlp.commands.train - Reading training data from /Users/lucas/addventa/data/squad-train-v1.1.json
2018-03-16 14:17:25,090 - INFO - allennlp.data.dataset_readers.reading_comprehension.squad - Reading file at /Users/lucas/addventa/data/squad-train-v1.1.json
2018-03-16 14:17:26,270 - INFO - allennlp.data.dataset_readers.reading_comprehension.squad - Reading the dataset
2018-03-16 15:23:55,922 - INFO - allennlp.common.params - validation_data_path = /Users/lucas/addventa/data/squad-dev-v1.1.json
2018-03-16 15:23:55,928 - INFO - allennlp.commands.train - Reading validation data from /Users/lucas/addventa/data/squad-dev-v1.1.json
2018-03-16 15:23:55,938 - INFO - allennlp.data.dataset_readers.reading_comprehension.squad - Reading file at /Users/lucas/addventa/data/squad-dev-v1.1.json
2018-03-16 15:23:56,071 - INFO - allennlp.data.dataset_readers.reading_comprehension.squad - Reading the dataset
2018-03-16 15:31:54,088 - INFO - allennlp.common.params - test_data_path = None
2018-03-16 15:31:54,089 - INFO - allennlp.commands.train - Creating a vocabulary using train, validation data.
2018-03-16 15:31:54,089 - INFO - allennlp.common.params - vocabulary.directory_path = None
2018-03-16 15:31:54,090 - INFO - allennlp.common.params - vocabulary.min_count = None
2018-03-16 15:31:54,090 - INFO - allennlp.common.params - vocabulary.max_vocab_size = None
2018-03-16 15:31:54,090 - INFO - allennlp.common.params - vocabulary.non_padded_namespaces = ('*tags', '*labels')
2018-03-16 15:31:54,090 - INFO - allennlp.common.params - vocabulary.only_include_pretrained_words = False
2018-03-16 15:31:54,090 - INFO - allennlp.data.vocabulary - Fitting token dictionary from dataset.
2018-03-16 15:31:54,625 - WARNING - allennlp.data.token_indexers.pos_tag_indexer - Token had no POS tag: —
2018-03-16 15:41:01,846 - INFO - allennlp.common.params - model.type = bidaf
2018-03-16 15:41:01,850 - INFO - allennlp.common.params - model.text_field_embedder.type = basic
2018-03-16 15:41:01,852 - INFO - allennlp.common.params - model.text_field_embedder.tokens.type = embedding
2018-03-16 15:41:01,852 - INFO - allennlp.common.params - model.text_field_embedder.tokens.num_embeddings = None
2018-03-16 15:41:01,852 - INFO - allennlp.common.params - model.text_field_embedder.tokens.vocab_namespace = tokens
2018-03-16 15:41:01,853 - INFO - allennlp.common.params - model.text_field_embedder.tokens.embedding_dim = 100
2018-03-16 15:41:01,853 - INFO - allennlp.common.params - model.text_field_embedder.tokens.pretrained_file = https://s3-us-west-2.amazonaws.com/allennlp/datasets/glove/glove.6B.100d.txt.gz
2018-03-16 15:41:01,854 - INFO - allennlp.common.params - model.text_field_embedder.tokens.projection_dim = None
2018-03-16 15:41:01,854 - INFO - allennlp.common.params - model.text_field_embedder.tokens.trainable = False
2018-03-16 15:41:01,855 - INFO - allennlp.common.params - model.text_field_embedder.tokens.padding_index = None
2018-03-16 15:41:01,855 - INFO - allennlp.common.params - model.text_field_embedder.tokens.max_norm = None
2018-03-16 15:41:01,855 - INFO - allennlp.common.params - model.text_field_embedder.tokens.norm_type = 2.0
2018-03-16 15:41:01,855 - INFO - allennlp.common.params - model.text_field_embedder.tokens.scale_grad_by_freq = False
2018-03-16 15:41:01,855 - INFO - allennlp.common.params - model.text_field_embedder.tokens.sparse = False
2018-03-16 15:41:01,888 - INFO - allennlp.modules.token_embedders.embedding - Reading embeddings from file
2018-03-16 15:41:18,282 - INFO - allennlp.modules.token_embedders.embedding - Initializing pre-trained embedding layer
2018-03-16 15:41:19,876 - INFO - allennlp.common.params - model.text_field_embedder.token_characters.type = character_encoding
2018-03-16 15:41:19,876 - INFO - allennlp.common.params - model.text_field_embedder.token_characters.embedding.num_embeddings = 262
2018-03-16 15:41:19,877 - INFO - allennlp.common.params - model.text_field_embedder.token_characters.embedding.vocab_namespace = token_characters
2018-03-16 15:41:19,877 - INFO - allennlp.common.params - model.text_field_embedder.token_characters.embedding.embedding_dim = 16
2018-03-16 15:41:19,877 - INFO - allennlp.common.params - model.text_field_embedder.token_characters.embedding.pretrained_file = None
2018-03-16 15:41:19,877 - INFO - allennlp.common.params - model.text_field_embedder.token_characters.embedding.projection_dim = None
2018-03-16 15:41:19,877 - INFO - allennlp.common.params - model.text_field_embedder.token_characters.embedding.trainable = True
2018-03-16 15:41:19,878 - INFO - allennlp.common.params - model.text_field_embedder.token_characters.embedding.padding_index = None
2018-03-16 15:41:19,878 - INFO - allennlp.common.params - model.text_field_embedder.token_characters.embedding.max_norm = None
2018-03-16 15:41:19,878 - INFO - allennlp.common.params - model.text_field_embedder.token_characters.embedding.norm_type = 2.0
2018-03-16 15:41:19,878 - INFO - allennlp.common.params - model.text_field_embedder.token_characters.embedding.scale_grad_by_freq = False
2018-03-16 15:41:19,879 - INFO - allennlp.common.params - model.text_field_embedder.token_characters.embedding.sparse = False
2018-03-16 15:41:19,880 - INFO - allennlp.common.params - model.text_field_embedder.token_characters.encoder.type = cnn
2018-03-16 15:41:19,880 - INFO - allennlp.common.params - model.text_field_embedder.token_characters.encoder.embedding_dim = 16
2018-03-16 15:41:19,880 - INFO - allennlp.common.params - model.text_field_embedder.token_characters.encoder.output_dim = None
2018-03-16 15:41:19,880 - INFO - allennlp.common.params - model.text_field_embedder.token_characters.encoder.num_filters = 100
2018-03-16 15:41:19,881 - INFO - allennlp.common.params - model.text_field_embedder.token_characters.encoder.conv_layer_activation = relu
2018-03-16 15:41:19,911 - INFO - allennlp.common.params - model.text_field_embedder.token_characters.encoder.ngram_filter_sizes = [5]
2018-03-16 15:41:19,968 - INFO - allennlp.common.params - model.text_field_embedder.token_characters.dropout = 0.2
2018-03-16 15:41:19,975 - INFO - allennlp.common.params - model.text_field_embedder.pos_tags.type = embedding
2018-03-16 15:41:19,975 - INFO - allennlp.common.params - model.text_field_embedder.pos_tags.num_embeddings = None
2018-03-16 15:41:19,976 - INFO - allennlp.common.params - model.text_field_embedder.pos_tags.vocab_namespace = pos_tags
2018-03-16 15:41:19,976 - INFO - allennlp.common.params - model.text_field_embedder.pos_tags.embedding_dim = 5
2018-03-16 15:41:19,976 - INFO - allennlp.common.params - model.text_field_embedder.pos_tags.pretrained_file = None
2018-03-16 15:41:19,976 - INFO - allennlp.common.params - model.text_field_embedder.pos_tags.projection_dim = None
2018-03-16 15:41:19,977 - INFO - allennlp.common.params - model.text_field_embedder.pos_tags.trainable = True
2018-03-16 15:41:19,977 - INFO - allennlp.common.params - model.text_field_embedder.pos_tags.padding_index = None
2018-03-16 15:41:19,977 - INFO - allennlp.common.params - model.text_field_embedder.pos_tags.max_norm = None
2018-03-16 15:41:19,977 - INFO - allennlp.common.params - model.text_field_embedder.pos_tags.norm_type = 2.0
2018-03-16 15:41:19,977 - INFO - allennlp.common.params - model.text_field_embedder.pos_tags.scale_grad_by_freq = False
2018-03-16 15:41:19,978 - INFO - allennlp.common.params - model.text_field_embedder.pos_tags.sparse = False
2018-03-16 15:41:19,978 - INFO - allennlp.common.params - model.text_field_embedder.ner_tags.type = embedding
2018-03-16 15:41:19,978 - INFO - allennlp.common.params - model.text_field_embedder.ner_tags.num_embeddings = None
2018-03-16 15:41:19,979 - INFO - allennlp.common.params - model.text_field_embedder.ner_tags.vocab_namespace = ner_tags
2018-03-16 15:41:19,979 - INFO - allennlp.common.params - model.text_field_embedder.ner_tags.embedding_dim = 7
2018-03-16 15:41:19,979 - INFO - allennlp.common.params - model.text_field_embedder.ner_tags.pretrained_file = None
2018-03-16 15:41:19,979 - INFO - allennlp.common.params - model.text_field_embedder.ner_tags.projection_dim = None
2018-03-16 15:41:19,979 - INFO - allennlp.common.params - model.text_field_embedder.ner_tags.trainable = True
2018-03-16 15:41:19,980 - INFO - allennlp.common.params - model.text_field_embedder.ner_tags.padding_index = None
2018-03-16 15:41:19,980 - INFO - allennlp.common.params - model.text_field_embedder.ner_tags.max_norm = None
2018-03-16 15:41:19,980 - INFO - allennlp.common.params - model.text_field_embedder.ner_tags.norm_type = 2.0
2018-03-16 15:41:19,980 - INFO - allennlp.common.params - model.text_field_embedder.ner_tags.scale_grad_by_freq = False
2018-03-16 15:41:19,981 - INFO - allennlp.common.params - model.text_field_embedder.ner_tags.sparse = False
2018-03-16 15:41:19,981 - INFO - allennlp.common.params - model.num_highway_layers = 2
2018-03-16 15:41:19,982 - INFO - allennlp.common.params - model.phrase_layer.type = lstm
2018-03-16 15:41:19,982 - INFO - allennlp.common.params - model.phrase_layer.batch_first = True
2018-03-16 15:41:19,992 - INFO - allennlp.common.params - Converting Params object to dict; logging of default values will not occur when dictionary parameters are used subsequently.
2018-03-16 15:41:19,992 - INFO - allennlp.common.params - CURRENTLY DEFINED PARAMETERS: 
2018-03-16 15:41:19,993 - INFO - allennlp.common.params - model.phrase_layer.bidirectional = True
2018-03-16 15:41:19,993 - INFO - allennlp.common.params - model.phrase_layer.input_size = 212
2018-03-16 15:41:19,993 - INFO - allennlp.common.params - model.phrase_layer.hidden_size = 100
2018-03-16 15:41:19,993 - INFO - allennlp.common.params - model.phrase_layer.num_layers = 1
2018-03-16 15:41:19,993 - INFO - allennlp.common.params - model.phrase_layer.dropout = 0.2
2018-03-16 15:41:19,994 - INFO - allennlp.common.params - model.phrase_layer.batch_first = True
2018-03-16 15:41:20,081 - INFO - allennlp.common.params - model.similarity_function.type = linear
2018-03-16 15:41:20,081 - INFO - allennlp.common.params - model.similarity_function.tensor_1_dim = 200
2018-03-16 15:41:20,082 - INFO - allennlp.common.params - model.similarity_function.tensor_2_dim = 200
2018-03-16 15:41:20,082 - INFO - allennlp.common.params - model.similarity_function.combination = x,y,x*y
2018-03-16 15:41:20,082 - INFO - allennlp.common.params - model.similarity_function.activation = linear
2018-03-16 15:41:20,083 - INFO - allennlp.common.params - model.modeling_layer.type = lstm
2018-03-16 15:41:20,083 - INFO - allennlp.common.params - model.modeling_layer.batch_first = True
2018-03-16 15:41:20,084 - INFO - allennlp.common.params - Converting Params object to dict; logging of default values will not occur when dictionary parameters are used subsequently.
2018-03-16 15:41:20,084 - INFO - allennlp.common.params - CURRENTLY DEFINED PARAMETERS: 
2018-03-16 15:41:20,084 - INFO - allennlp.common.params - model.modeling_layer.bidirectional = True
2018-03-16 15:41:20,084 - INFO - allennlp.common.params - model.modeling_layer.input_size = 800
2018-03-16 15:41:20,084 - INFO - allennlp.common.params - model.modeling_layer.hidden_size = 100
2018-03-16 15:41:20,084 - INFO - allennlp.common.params - model.modeling_layer.num_layers = 2
2018-03-16 15:41:20,085 - INFO - allennlp.common.params - model.modeling_layer.dropout = 0.2
2018-03-16 15:41:20,085 - INFO - allennlp.common.params - model.modeling_layer.batch_first = True
2018-03-16 15:41:20,153 - INFO - allennlp.common.params - model.span_end_encoder.type = lstm
2018-03-16 15:41:20,154 - INFO - allennlp.common.params - model.span_end_encoder.batch_first = True
2018-03-16 15:41:20,154 - INFO - allennlp.common.params - Converting Params object to dict; logging of default values will not occur when dictionary parameters are used subsequently.
2018-03-16 15:41:20,154 - INFO - allennlp.common.params - CURRENTLY DEFINED PARAMETERS: 
2018-03-16 15:41:20,155 - INFO - allennlp.common.params - model.span_end_encoder.bidirectional = True
2018-03-16 15:41:20,155 - INFO - allennlp.common.params - model.span_end_encoder.input_size = 1400
2018-03-16 15:41:20,155 - INFO - allennlp.common.params - model.span_end_encoder.hidden_size = 100
2018-03-16 15:41:20,155 - INFO - allennlp.common.params - model.span_end_encoder.num_layers = 1
2018-03-16 15:41:20,156 - INFO - allennlp.common.params - model.span_end_encoder.dropout = 0.2
2018-03-16 15:41:20,156 - INFO - allennlp.common.params - model.span_end_encoder.batch_first = True
2018-03-16 15:41:20,176 - INFO - allennlp.common.params - model.dropout = 0.2
2018-03-16 15:41:20,176 - INFO - allennlp.common.params - model.initializer = []
2018-03-16 15:41:20,177 - INFO - allennlp.common.params - model.regularizer = []
2018-03-16 15:41:20,177 - INFO - allennlp.common.params - model.mask_lstms = True
2018-03-16 15:41:20,190 - INFO - allennlp.nn.initializers - Initializing parameters
2018-03-16 15:41:20,191 - INFO - allennlp.nn.initializers - Done initializing parameters; the following parameters are using their default initialization from their code
2018-03-16 15:41:20,191 - INFO - allennlp.nn.initializers -    _highway_layer._module._layers.0.bias
2018-03-16 15:41:20,191 - INFO - allennlp.nn.initializers -    _highway_layer._module._layers.0.weight
2018-03-16 15:41:20,192 - INFO - allennlp.nn.initializers -    _highway_layer._module._layers.1.bias
2018-03-16 15:41:20,192 - INFO - allennlp.nn.initializers -    _highway_layer._module._layers.1.weight
2018-03-16 15:41:20,192 - INFO - allennlp.nn.initializers -    _matrix_attention._similarity_function._bias
2018-03-16 15:41:20,192 - INFO - allennlp.nn.initializers -    _matrix_attention._similarity_function._weight_vector
2018-03-16 15:41:20,192 - INFO - allennlp.nn.initializers -    _modeling_layer._module.bias_hh_l0
2018-03-16 15:41:20,193 - INFO - allennlp.nn.initializers -    _modeling_layer._module.bias_hh_l0_reverse
2018-03-16 15:41:20,193 - INFO - allennlp.nn.initializers -    _modeling_layer._module.bias_hh_l1
2018-03-16 15:41:20,193 - INFO - allennlp.nn.initializers -    _modeling_layer._module.bias_hh_l1_reverse
2018-03-16 15:41:20,193 - INFO - allennlp.nn.initializers -    _modeling_layer._module.bias_ih_l0
2018-03-16 15:41:20,193 - INFO - allennlp.nn.initializers -    _modeling_layer._module.bias_ih_l0_reverse
2018-03-16 15:41:20,194 - INFO - allennlp.nn.initializers -    _modeling_layer._module.bias_ih_l1
2018-03-16 15:41:20,207 - INFO - allennlp.nn.initializers -    _modeling_layer._module.bias_ih_l1_reverse
2018-03-16 15:41:20,207 - INFO - allennlp.nn.initializers -    _modeling_layer._module.weight_hh_l0
2018-03-16 15:41:20,207 - INFO - allennlp.nn.initializers -    _modeling_layer._module.weight_hh_l0_reverse
2018-03-16 15:41:20,207 - INFO - allennlp.nn.initializers -    _modeling_layer._module.weight_hh_l1
2018-03-16 15:41:20,207 - INFO - allennlp.nn.initializers -    _modeling_layer._module.weight_hh_l1_reverse
2018-03-16 15:41:20,208 - INFO - allennlp.nn.initializers -    _modeling_layer._module.weight_ih_l0
2018-03-16 15:41:20,208 - INFO - allennlp.nn.initializers -    _modeling_layer._module.weight_ih_l0_reverse
2018-03-16 15:41:20,208 - INFO - allennlp.nn.initializers -    _modeling_layer._module.weight_ih_l1
2018-03-16 15:41:20,208 - INFO - allennlp.nn.initializers -    _modeling_layer._module.weight_ih_l1_reverse
2018-03-16 15:41:20,208 - INFO - allennlp.nn.initializers -    _phrase_layer._module.bias_hh_l0
2018-03-16 15:41:20,212 - INFO - allennlp.nn.initializers -    _phrase_layer._module.bias_hh_l0_reverse
2018-03-16 15:41:20,212 - INFO - allennlp.nn.initializers -    _phrase_layer._module.bias_ih_l0
2018-03-16 15:41:20,212 - INFO - allennlp.nn.initializers -    _phrase_layer._module.bias_ih_l0_reverse
2018-03-16 15:41:20,212 - INFO - allennlp.nn.initializers -    _phrase_layer._module.weight_hh_l0
2018-03-16 15:41:20,212 - INFO - allennlp.nn.initializers -    _phrase_layer._module.weight_hh_l0_reverse
2018-03-16 15:41:20,212 - INFO - allennlp.nn.initializers -    _phrase_layer._module.weight_ih_l0
2018-03-16 15:41:20,212 - INFO - allennlp.nn.initializers -    _phrase_layer._module.weight_ih_l0_reverse
2018-03-16 15:41:20,213 - INFO - allennlp.nn.initializers -    _span_end_encoder._module.bias_hh_l0
2018-03-16 15:41:20,213 - INFO - allennlp.nn.initializers -    _span_end_encoder._module.bias_hh_l0_reverse
2018-03-16 15:41:20,213 - INFO - allennlp.nn.initializers -    _span_end_encoder._module.bias_ih_l0
2018-03-16 15:41:20,215 - INFO - allennlp.nn.initializers -    _span_end_encoder._module.bias_ih_l0_reverse
2018-03-16 15:41:20,216 - INFO - allennlp.nn.initializers -    _span_end_encoder._module.weight_hh_l0
2018-03-16 15:41:20,216 - INFO - allennlp.nn.initializers -    _span_end_encoder._module.weight_hh_l0_reverse
2018-03-16 15:41:20,216 - INFO - allennlp.nn.initializers -    _span_end_encoder._module.weight_ih_l0
2018-03-16 15:41:20,216 - INFO - allennlp.nn.initializers -    _span_end_encoder._module.weight_ih_l0_reverse
2018-03-16 15:41:20,216 - INFO - allennlp.nn.initializers -    _span_end_predictor._module.bias
2018-03-16 15:41:20,216 - INFO - allennlp.nn.initializers -    _span_end_predictor._module.weight
2018-03-16 15:41:20,216 - INFO - allennlp.nn.initializers -    _span_start_predictor._module.bias
2018-03-16 15:41:20,217 - INFO - allennlp.nn.initializers -    _span_start_predictor._module.weight
2018-03-16 15:41:20,217 - INFO - allennlp.nn.initializers -    _text_field_embedder.token_embedder_ner_tags.weight
2018-03-16 15:41:20,217 - INFO - allennlp.nn.initializers -    _text_field_embedder.token_embedder_pos_tags.weight
2018-03-16 15:41:20,217 - INFO - allennlp.nn.initializers -    _text_field_embedder.token_embedder_token_characters._embedding._module.weight
2018-03-16 15:41:20,218 - INFO - allennlp.nn.initializers -    _text_field_embedder.token_embedder_token_characters._encoder._module.conv_layer_0.bias
2018-03-16 15:41:20,218 - INFO - allennlp.nn.initializers -    _text_field_embedder.token_embedder_token_characters._encoder._module.conv_layer_0.weight
2018-03-16 15:41:20,218 - INFO - allennlp.nn.initializers -    _text_field_embedder.token_embedder_tokens.weight
2018-03-16 15:41:20,220 - INFO - allennlp.common.params - iterator.type = bucket
2018-03-16 15:41:20,221 - INFO - allennlp.common.params - iterator.sorting_keys = [['passage', 'num_tokens'], ['question', 'num_tokens']]
2018-03-16 15:41:20,221 - INFO - allennlp.common.params - iterator.padding_noise = 0.1
2018-03-16 15:41:20,231 - INFO - allennlp.common.params - iterator.biggest_batch_first = False
2018-03-16 15:41:20,232 - INFO - allennlp.common.params - iterator.batch_size = 40
2018-03-16 15:41:20,232 - INFO - allennlp.common.params - iterator.instances_per_epoch = None
2018-03-16 15:41:20,233 - INFO - allennlp.common.params - iterator.max_instances_in_memory = None
2018-03-16 15:41:20,234 - INFO - allennlp.common.params - trainer.patience = 10
2018-03-16 15:41:20,234 - INFO - allennlp.common.params - trainer.validation_metric = +em
2018-03-16 15:41:20,234 - INFO - allennlp.common.params - trainer.num_epochs = 20
2018-03-16 15:41:20,234 - INFO - allennlp.common.params - trainer.cuda_device = -1
2018-03-16 15:41:20,234 - INFO - allennlp.common.params - trainer.grad_norm = 5.0
2018-03-16 15:41:20,235 - INFO - allennlp.common.params - trainer.grad_clipping = None
2018-03-16 15:41:20,236 - INFO - allennlp.common.params - trainer.optimizer.type = adam
2018-03-16 15:41:20,239 - INFO - allennlp.common.params - trainer.optimizer.parameter_groups = None
2018-03-16 15:41:20,240 - INFO - allennlp.common.params - Converting Params object to dict; logging of default values will not occur when dictionary parameters are used subsequently.
2018-03-16 15:41:20,240 - INFO - allennlp.common.params - CURRENTLY DEFINED PARAMETERS: 
2018-03-16 15:41:20,240 - INFO - allennlp.common.params - trainer.optimizer.betas = [0.9, 0.9]
2018-03-16 15:41:20,241 - INFO - allennlp.common.params - trainer.learning_rate_scheduler.type = reduce_on_plateau
2018-03-16 15:41:20,241 - INFO - allennlp.common.params - Converting Params object to dict; logging of default values will not occur when dictionary parameters are used subsequently.
2018-03-16 15:41:20,241 - INFO - allennlp.common.params - CURRENTLY DEFINED PARAMETERS: 
2018-03-16 15:41:20,242 - INFO - allennlp.common.params - trainer.learning_rate_scheduler.factor = 0.5
2018-03-16 15:41:20,242 - INFO - allennlp.common.params - trainer.learning_rate_scheduler.mode = max
2018-03-16 15:41:20,251 - INFO - allennlp.common.params - trainer.learning_rate_scheduler.patience = 2
2018-03-16 15:41:20,252 - INFO - allennlp.common.params - trainer.num_serialized_models_to_keep = None
2018-03-16 15:41:20,252 - INFO - allennlp.common.params - trainer.keep_serialized_model_every_num_seconds = None
2018-03-16 15:41:20,252 - INFO - allennlp.common.params - trainer.model_save_interval = None
2018-03-16 15:41:20,252 - INFO - allennlp.common.params - trainer.summary_interval = 100
2018-03-16 15:41:20,252 - INFO - allennlp.common.params - trainer.histogram_interval = None
2018-03-16 15:41:20,274 - INFO - allennlp.common.params - evaluate_on_test = False
2018-03-16 15:41:20,275 - INFO - allennlp.training.trainer - Beginning training.
2018-03-16 15:41:20,277 - INFO - allennlp.training.trainer - Epoch 0/19
2018-03-16 15:41:20,283 - INFO - allennlp.training.trainer - Peak CPU memory usage MB: 3757.600768
2018-03-16 15:41:21,096 - INFO - allennlp.training.trainer - Training
